Script started at 07/18/2024 08:12:52
Tasks found: 4
JSON Output: [{"TaskName":"BlockSite_20240718080500_www.tiktok.com","Triggers":{"DaysOfWeek":"Wednesday","EndBoundary":null,"StartBoundary":"2024-07-18T07:00:00+02:00"},"Actions":"powershell.exe","SiteName":"www.tiktok.com","State":3},{"TaskName":"BlockSite_20240718080524_www.tiktok.com","Triggers":{"DaysOfWeek":"Wednesday","EndBoundary":null,"StartBoundary":"2024-07-18T10:00:00+02:00"},"Actions":"powershell.exe","SiteName":"www.tiktok.com","State":3},{"TaskName":"UnblockSite_20240718080500_www.tiktok.com","Triggers":{"DaysOfWeek":"Wednesday","EndBoundary":null,"StartBoundary":"2024-07-18T09:00:00+02:00"},"Actions":"powershell.exe","SiteName":"www.tiktok.com","State":3},{"TaskName":"UnblockSite_20240718080524_www.tiktok.com","Triggers":{"DaysOfWeek":"Wednesday","EndBoundary":null,"StartBoundary":"2024-07-18T00:00:00+02:00"},"Actions":"powershell.exe","SiteName":"www.tiktok.com","State":3}]
Script ended at 07/18/2024 08:12:53
Script started at 07/18/2024 08:12:55
Tasks found: 4
JSON Output: [{"TaskName":"BlockSite_20240718080500_www.tiktok.com","Triggers":{"DaysOfWeek":"Wednesday","EndBoundary":null,"StartBoundary":"2024-07-18T07:00:00+02:00"},"Actions":"powershell.exe","SiteName":"www.tiktok.com","State":3},{"TaskName":"BlockSite_20240718080524_www.tiktok.com","Triggers":{"DaysOfWeek":"Wednesday","EndBoundary":null,"StartBoundary":"2024-07-18T10:00:00+02:00"},"Actions":"powershell.exe","SiteName":"www.tiktok.com","State":3},{"TaskName":"UnblockSite_20240718080500_www.tiktok.com","Triggers":{"DaysOfWeek":"Wednesday","EndBoundary":null,"StartBoundary":"2024-07-18T09:00:00+02:00"},"Actions":"powershell.exe","SiteName":"www.tiktok.com","State":3},{"TaskName":"UnblockSite_20240718080524_www.tiktok.com","Triggers":{"DaysOfWeek":"Wednesday","EndBoundary":null,"StartBoundary":"2024-07-18T00:00:00+02:00"},"Actions":"powershell.exe","SiteName":"www.tiktok.com","State":3}]
Script ended at 07/18/2024 08:12:56
Script started at 07/18/2024 08:17:19
Script started at 07/18/2024 08:17:19
Tasks found: 4
JSON Output: [{"TaskName":"BlockSite_20240718080500_www.tiktok.com","Triggers":{"DaysOfWeek":"Wednesday","EndBoundary":null,"StartBoundary":"2024-07-18T07:00:00+02:00"},"Actions":"powershell.exe","SiteName":"www.tiktok.com","State":3},{"TaskName":"BlockSite_20240718080524_www.tiktok.com","Triggers":{"DaysOfWeek":"Wednesday","EndBoundary":null,"StartBoundary":"2024-07-18T10:00:00+02:00"},"Actions":"powershell.exe","SiteName":"www.tiktok.com","State":3},{"TaskName":"UnblockSite_20240718080500_www.tiktok.com","Triggers":{"DaysOfWeek":"Wednesday","EndBoundary":null,"StartBoundary":"2024-07-18T09:00:00+02:00"},"Actions":"powershell.exe","SiteName":"www.tiktok.com","State":3},{"TaskName":"UnblockSite_20240718080524_www.tiktok.com","Triggers":{"DaysOfWeek":"Wednesday","EndBoundary":null,"StartBoundary":"2024-07-18T00:00:00+02:00"},"Actions":"powershell.exe","SiteName":"www.tiktok.com","State":3}]
Script ended at 07/18/2024 08:17:20
Tasks found: 4
JSON Output: [{"TaskName":"BlockSite_20240718080500_www.tiktok.com","Triggers":{"DaysOfWeek":"Wednesday","EndBoundary":null,"StartBoundary":"2024-07-18T07:00:00+02:00"},"Actions":"powershell.exe","SiteName":"www.tiktok.com","State":3},{"TaskName":"BlockSite_20240718080524_www.tiktok.com","Triggers":{"DaysOfWeek":"Wednesday","EndBoundary":null,"StartBoundary":"2024-07-18T10:00:00+02:00"},"Actions":"powershell.exe","SiteName":"www.tiktok.com","State":3},{"TaskName":"UnblockSite_20240718080500_www.tiktok.com","Triggers":{"DaysOfWeek":"Wednesday","EndBoundary":null,"StartBoundary":"2024-07-18T09:00:00+02:00"},"Actions":"powershell.exe","SiteName":"www.tiktok.com","State":3},{"TaskName":"UnblockSite_20240718080524_www.tiktok.com","Triggers":{"DaysOfWeek":"Wednesday","EndBoundary":null,"StartBoundary":"2024-07-18T00:00:00+02:00"},"Actions":"powershell.exe","SiteName":"www.tiktok.com","State":3}]
Script ended at 07/18/2024 08:17:20
Script started at 07/18/2024 08:23:17
Script started at 07/18/2024 08:23:18
Tasks found: 4
JSON Output: [{"TaskName":"BlockSite_20240718080500_www.tiktok.com","Triggers":{"DaysOfWeek":"Wednesday","EndBoundary":null,"StartBoundary":"2024-07-18T07:00:00+02:00"},"Actions":"powershell.exe","SiteName":"www.tiktok.com","State":3},{"TaskName":"BlockSite_20240718080524_www.tiktok.com","Triggers":{"DaysOfWeek":"Wednesday","EndBoundary":null,"StartBoundary":"2024-07-18T10:00:00+02:00"},"Actions":"powershell.exe","SiteName":"www.tiktok.com","State":3},{"TaskName":"UnblockSite_20240718080500_www.tiktok.com","Triggers":{"DaysOfWeek":"Wednesday","EndBoundary":null,"StartBoundary":"2024-07-18T09:00:00+02:00"},"Actions":"powershell.exe","SiteName":"www.tiktok.com","State":3},{"TaskName":"UnblockSite_20240718080524_www.tiktok.com","Triggers":{"DaysOfWeek":"Wednesday","EndBoundary":null,"StartBoundary":"2024-07-18T00:00:00+02:00"},"Actions":"powershell.exe","SiteName":"www.tiktok.com","State":3}]
Script ended at 07/18/2024 08:23:18
Tasks found: 4
JSON Output: [{"TaskName":"BlockSite_20240718080500_www.tiktok.com","Triggers":{"DaysOfWeek":"Wednesday","EndBoundary":null,"StartBoundary":"2024-07-18T07:00:00+02:00"},"Actions":"powershell.exe","SiteName":"www.tiktok.com","State":3},{"TaskName":"BlockSite_20240718080524_www.tiktok.com","Triggers":{"DaysOfWeek":"Wednesday","EndBoundary":null,"StartBoundary":"2024-07-18T10:00:00+02:00"},"Actions":"powershell.exe","SiteName":"www.tiktok.com","State":3},{"TaskName":"UnblockSite_20240718080500_www.tiktok.com","Triggers":{"DaysOfWeek":"Wednesday","EndBoundary":null,"StartBoundary":"2024-07-18T09:00:00+02:00"},"Actions":"powershell.exe","SiteName":"www.tiktok.com","State":3},{"TaskName":"UnblockSite_20240718080524_www.tiktok.com","Triggers":{"DaysOfWeek":"Wednesday","EndBoundary":null,"StartBoundary":"2024-07-18T00:00:00+02:00"},"Actions":"powershell.exe","SiteName":"www.tiktok.com","State":3}]
Script ended at 07/18/2024 08:23:19
Script started at 07/18/2024 08:24:36
Script started at 07/18/2024 08:24:37
Tasks found: 4
JSON Output: [{"TaskName":"BlockSite_20240718080500_www.tiktok.com","Triggers":{"DaysOfWeek":"Wednesday","EndBoundary":null,"StartBoundary":"2024-07-18T07:00:00+02:00"},"Actions":"powershell.exe","SiteName":"www.tiktok.com","State":3},{"TaskName":"BlockSite_20240718080524_www.tiktok.com","Triggers":{"DaysOfWeek":"Wednesday","EndBoundary":null,"StartBoundary":"2024-07-18T10:00:00+02:00"},"Actions":"powershell.exe","SiteName":"www.tiktok.com","State":3},{"TaskName":"UnblockSite_20240718080500_www.tiktok.com","Triggers":{"DaysOfWeek":"Wednesday","EndBoundary":null,"StartBoundary":"2024-07-18T09:00:00+02:00"},"Actions":"powershell.exe","SiteName":"www.tiktok.com","State":3},{"TaskName":"UnblockSite_20240718080524_www.tiktok.com","Triggers":{"DaysOfWeek":"Wednesday","EndBoundary":null,"StartBoundary":"2024-07-18T00:00:00+02:00"},"Actions":"powershell.exe","SiteName":"www.tiktok.com","State":3}]
Script ended at 07/18/2024 08:24:37
Tasks found: 4
JSON Output: [{"TaskName":"BlockSite_20240718080500_www.tiktok.com","Triggers":{"DaysOfWeek":"Wednesday","EndBoundary":null,"StartBoundary":"2024-07-18T07:00:00+02:00"},"Actions":"powershell.exe","SiteName":"www.tiktok.com","State":3},{"TaskName":"BlockSite_20240718080524_www.tiktok.com","Triggers":{"DaysOfWeek":"Wednesday","EndBoundary":null,"StartBoundary":"2024-07-18T10:00:00+02:00"},"Actions":"powershell.exe","SiteName":"www.tiktok.com","State":3},{"TaskName":"UnblockSite_20240718080500_www.tiktok.com","Triggers":{"DaysOfWeek":"Wednesday","EndBoundary":null,"StartBoundary":"2024-07-18T09:00:00+02:00"},"Actions":"powershell.exe","SiteName":"www.tiktok.com","State":3},{"TaskName":"UnblockSite_20240718080524_www.tiktok.com","Triggers":{"DaysOfWeek":"Wednesday","EndBoundary":null,"StartBoundary":"2024-07-18T00:00:00+02:00"},"Actions":"powershell.exe","SiteName":"www.tiktok.com","State":3}]
Script ended at 07/18/2024 08:24:38
Script started at 07/18/2024 08:31:00
Script started at 07/18/2024 08:31:00
Tasks found: 4
JSON Output: [{"TaskName":"BlockSite_20240718080500_www.tiktok.com","Triggers":{"DaysOfWeek":"Wednesday","EndBoundary":null,"StartBoundary":"2024-07-18T07:00:00+02:00"},"Actions":"powershell.exe","SiteName":"www.tiktok.com","State":3},{"TaskName":"BlockSite_20240718080524_www.tiktok.com","Triggers":{"DaysOfWeek":"Wednesday","EndBoundary":null,"StartBoundary":"2024-07-18T10:00:00+02:00"},"Actions":"powershell.exe","SiteName":"www.tiktok.com","State":3},{"TaskName":"UnblockSite_20240718080500_www.tiktok.com","Triggers":{"DaysOfWeek":"Wednesday","EndBoundary":null,"StartBoundary":"2024-07-18T09:00:00+02:00"},"Actions":"powershell.exe","SiteName":"www.tiktok.com","State":3},{"TaskName":"UnblockSite_20240718080524_www.tiktok.com","Triggers":{"DaysOfWeek":"Wednesday","EndBoundary":null,"StartBoundary":"2024-07-18T00:00:00+02:00"},"Actions":"powershell.exe","SiteName":"www.tiktok.com","State":3}]
Script ended at 07/18/2024 08:31:01
Tasks found: 4
JSON Output: [{"TaskName":"BlockSite_20240718080500_www.tiktok.com","Triggers":{"DaysOfWeek":"Wednesday","EndBoundary":null,"StartBoundary":"2024-07-18T07:00:00+02:00"},"Actions":"powershell.exe","SiteName":"www.tiktok.com","State":3},{"TaskName":"BlockSite_20240718080524_www.tiktok.com","Triggers":{"DaysOfWeek":"Wednesday","EndBoundary":null,"StartBoundary":"2024-07-18T10:00:00+02:00"},"Actions":"powershell.exe","SiteName":"www.tiktok.com","State":3},{"TaskName":"UnblockSite_20240718080500_www.tiktok.com","Triggers":{"DaysOfWeek":"Wednesday","EndBoundary":null,"StartBoundary":"2024-07-18T09:00:00+02:00"},"Actions":"powershell.exe","SiteName":"www.tiktok.com","State":3},{"TaskName":"UnblockSite_20240718080524_www.tiktok.com","Triggers":{"DaysOfWeek":"Wednesday","EndBoundary":null,"StartBoundary":"2024-07-18T00:00:00+02:00"},"Actions":"powershell.exe","SiteName":"www.tiktok.com","State":3}]
Script ended at 07/18/2024 08:31:01
Script started at 07/18/2024 08:40:38
Script started at 07/18/2024 08:40:39
Tasks found: 4
JSON Output: [{"TaskName":"BlockSite_20240718080500_www.tiktok.com","Triggers":{"DaysOfWeek":"Wednesday","EndBoundary":null,"StartBoundary":"2024-07-18T07:00:00+02:00"},"Actions":"powershell.exe","SiteName":"www.tiktok.com","State":3},{"TaskName":"BlockSite_20240718080524_www.tiktok.com","Triggers":{"DaysOfWeek":"Wednesday","EndBoundary":null,"StartBoundary":"2024-07-18T10:00:00+02:00"},"Actions":"powershell.exe","SiteName":"www.tiktok.com","State":3},{"TaskName":"UnblockSite_20240718080500_www.tiktok.com","Triggers":{"DaysOfWeek":"Wednesday","EndBoundary":null,"StartBoundary":"2024-07-18T09:00:00+02:00"},"Actions":"powershell.exe","SiteName":"www.tiktok.com","State":3},{"TaskName":"UnblockSite_20240718080524_www.tiktok.com","Triggers":{"DaysOfWeek":"Wednesday","EndBoundary":null,"StartBoundary":"2024-07-18T00:00:00+02:00"},"Actions":"powershell.exe","SiteName":"www.tiktok.com","State":3}]
Script ended at 07/18/2024 08:40:40
Tasks found: 4
JSON Output: [{"TaskName":"BlockSite_20240718080500_www.tiktok.com","Triggers":{"DaysOfWeek":"Wednesday","EndBoundary":null,"StartBoundary":"2024-07-18T07:00:00+02:00"},"Actions":"powershell.exe","SiteName":"www.tiktok.com","State":3},{"TaskName":"BlockSite_20240718080524_www.tiktok.com","Triggers":{"DaysOfWeek":"Wednesday","EndBoundary":null,"StartBoundary":"2024-07-18T10:00:00+02:00"},"Actions":"powershell.exe","SiteName":"www.tiktok.com","State":3},{"TaskName":"UnblockSite_20240718080500_www.tiktok.com","Triggers":{"DaysOfWeek":"Wednesday","EndBoundary":null,"StartBoundary":"2024-07-18T09:00:00+02:00"},"Actions":"powershell.exe","SiteName":"www.tiktok.com","State":3},{"TaskName":"UnblockSite_20240718080524_www.tiktok.com","Triggers":{"DaysOfWeek":"Wednesday","EndBoundary":null,"StartBoundary":"2024-07-18T00:00:00+02:00"},"Actions":"powershell.exe","SiteName":"www.tiktok.com","State":3}]
Script ended at 07/18/2024 08:40:41
Script started at 07/18/2024 09:29:19
Script started at 07/18/2024 09:29:19
Tasks found: 4
JSON Output: [{"TaskName":"BlockSite_20240718080500_www.tiktok.com","Triggers":{"DaysOfWeek":"Wednesday","EndBoundary":null,"StartBoundary":"2024-07-18T07:00:00+02:00"},"Actions":"powershell.exe","SiteName":"www.tiktok.com","State":3},{"TaskName":"BlockSite_20240718080524_www.tiktok.com","Triggers":{"DaysOfWeek":"Wednesday","EndBoundary":null,"StartBoundary":"2024-07-18T10:00:00+02:00"},"Actions":"powershell.exe","SiteName":"www.tiktok.com","State":3},{"TaskName":"UnblockSite_20240718080500_www.tiktok.com","Triggers":{"DaysOfWeek":"Wednesday","EndBoundary":null,"StartBoundary":"2024-07-18T09:00:00+02:00"},"Actions":"powershell.exe","SiteName":"www.tiktok.com","State":3},{"TaskName":"UnblockSite_20240718080524_www.tiktok.com","Triggers":{"DaysOfWeek":"Wednesday","EndBoundary":null,"StartBoundary":"2024-07-18T00:00:00+02:00"},"Actions":"powershell.exe","SiteName":"www.tiktok.com","State":3}]
Script ended at 07/18/2024 09:29:21
Tasks found: 4
JSON Output: [{"TaskName":"BlockSite_20240718080500_www.tiktok.com","Triggers":{"DaysOfWeek":"Wednesday","EndBoundary":null,"StartBoundary":"2024-07-18T07:00:00+02:00"},"Actions":"powershell.exe","SiteName":"www.tiktok.com","State":3},{"TaskName":"BlockSite_20240718080524_www.tiktok.com","Triggers":{"DaysOfWeek":"Wednesday","EndBoundary":null,"StartBoundary":"2024-07-18T10:00:00+02:00"},"Actions":"powershell.exe","SiteName":"www.tiktok.com","State":3},{"TaskName":"UnblockSite_20240718080500_www.tiktok.com","Triggers":{"DaysOfWeek":"Wednesday","EndBoundary":null,"StartBoundary":"2024-07-18T09:00:00+02:00"},"Actions":"powershell.exe","SiteName":"www.tiktok.com","State":3},{"TaskName":"UnblockSite_20240718080524_www.tiktok.com","Triggers":{"DaysOfWeek":"Wednesday","EndBoundary":null,"StartBoundary":"2024-07-18T00:00:00+02:00"},"Actions":"powershell.exe","SiteName":"www.tiktok.com","State":3}]
Script ended at 07/18/2024 09:29:21
Script started at 07/18/2024 09:30:57
Script started at 07/18/2024 09:30:58
Tasks found: 4
JSON Output: [{"TaskName":"BlockSite_20240718080500_www.tiktok.com","Triggers":{"DaysOfWeek":"Wednesday","EndBoundary":null,"StartBoundary":"2024-07-18T07:00:00+02:00"},"Actions":"powershell.exe","SiteName":"www.tiktok.com","State":3},{"TaskName":"BlockSite_20240718080524_www.tiktok.com","Triggers":{"DaysOfWeek":"Wednesday","EndBoundary":null,"StartBoundary":"2024-07-18T10:00:00+02:00"},"Actions":"powershell.exe","SiteName":"www.tiktok.com","State":3},{"TaskName":"UnblockSite_20240718080500_www.tiktok.com","Triggers":{"DaysOfWeek":"Wednesday","EndBoundary":null,"StartBoundary":"2024-07-18T09:00:00+02:00"},"Actions":"powershell.exe","SiteName":"www.tiktok.com","State":3},{"TaskName":"UnblockSite_20240718080524_www.tiktok.com","Triggers":{"DaysOfWeek":"Wednesday","EndBoundary":null,"StartBoundary":"2024-07-18T00:00:00+02:00"},"Actions":"powershell.exe","SiteName":"www.tiktok.com","State":3}]
Script ended at 07/18/2024 09:30:58
Tasks found: 4
JSON Output: [{"TaskName":"BlockSite_20240718080500_www.tiktok.com","Triggers":{"DaysOfWeek":"Wednesday","EndBoundary":null,"StartBoundary":"2024-07-18T07:00:00+02:00"},"Actions":"powershell.exe","SiteName":"www.tiktok.com","State":3},{"TaskName":"BlockSite_20240718080524_www.tiktok.com","Triggers":{"DaysOfWeek":"Wednesday","EndBoundary":null,"StartBoundary":"2024-07-18T10:00:00+02:00"},"Actions":"powershell.exe","SiteName":"www.tiktok.com","State":3},{"TaskName":"UnblockSite_20240718080500_www.tiktok.com","Triggers":{"DaysOfWeek":"Wednesday","EndBoundary":null,"StartBoundary":"2024-07-18T09:00:00+02:00"},"Actions":"powershell.exe","SiteName":"www.tiktok.com","State":3},{"TaskName":"UnblockSite_20240718080524_www.tiktok.com","Triggers":{"DaysOfWeek":"Wednesday","EndBoundary":null,"StartBoundary":"2024-07-18T00:00:00+02:00"},"Actions":"powershell.exe","SiteName":"www.tiktok.com","State":3}]
Script ended at 07/18/2024 09:30:59
Script started at 07/18/2024 09:32:57
Script started at 07/18/2024 09:32:57
Tasks found: 4
JSON Output: [{"TaskName":"BlockSite_20240718080500_www.tiktok.com","Triggers":{"DaysOfWeek":"Wednesday","EndBoundary":null,"StartBoundary":"2024-07-18T07:00:00+02:00"},"Actions":"powershell.exe","SiteName":"www.tiktok.com","State":3},{"TaskName":"BlockSite_20240718080524_www.tiktok.com","Triggers":{"DaysOfWeek":"Wednesday","EndBoundary":null,"StartBoundary":"2024-07-18T10:00:00+02:00"},"Actions":"powershell.exe","SiteName":"www.tiktok.com","State":3},{"TaskName":"UnblockSite_20240718080500_www.tiktok.com","Triggers":{"DaysOfWeek":"Wednesday","EndBoundary":null,"StartBoundary":"2024-07-18T09:00:00+02:00"},"Actions":"powershell.exe","SiteName":"www.tiktok.com","State":3},{"TaskName":"UnblockSite_20240718080524_www.tiktok.com","Triggers":{"DaysOfWeek":"Wednesday","EndBoundary":null,"StartBoundary":"2024-07-18T00:00:00+02:00"},"Actions":"powershell.exe","SiteName":"www.tiktok.com","State":3}]
Script ended at 07/18/2024 09:32:58
Tasks found: 4
JSON Output: [{"TaskName":"BlockSite_20240718080500_www.tiktok.com","Triggers":{"DaysOfWeek":"Wednesday","EndBoundary":null,"StartBoundary":"2024-07-18T07:00:00+02:00"},"Actions":"powershell.exe","SiteName":"www.tiktok.com","State":3},{"TaskName":"BlockSite_20240718080524_www.tiktok.com","Triggers":{"DaysOfWeek":"Wednesday","EndBoundary":null,"StartBoundary":"2024-07-18T10:00:00+02:00"},"Actions":"powershell.exe","SiteName":"www.tiktok.com","State":3},{"TaskName":"UnblockSite_20240718080500_www.tiktok.com","Triggers":{"DaysOfWeek":"Wednesday","EndBoundary":null,"StartBoundary":"2024-07-18T09:00:00+02:00"},"Actions":"powershell.exe","SiteName":"www.tiktok.com","State":3},{"TaskName":"UnblockSite_20240718080524_www.tiktok.com","Triggers":{"DaysOfWeek":"Wednesday","EndBoundary":null,"StartBoundary":"2024-07-18T00:00:00+02:00"},"Actions":"powershell.exe","SiteName":"www.tiktok.com","State":3}]
Script ended at 07/18/2024 09:32:58
Script started at 07/18/2024 09:38:04
Tasks found: 4
JSON Output: [{"TaskName":"BlockSite_20240718080500_www.tiktok.com","Triggers":{"DaysOfWeek":"Wednesday","EndBoundary":null,"StartBoundary":"2024-07-18T07:00:00+02:00"},"Actions":"powershell.exe","SiteName":"www.tiktok.com","State":3},{"TaskName":"BlockSite_20240718080524_www.tiktok.com","Triggers":{"DaysOfWeek":"Wednesday","EndBoundary":null,"StartBoundary":"2024-07-18T10:00:00+02:00"},"Actions":"powershell.exe","SiteName":"www.tiktok.com","State":3},{"TaskName":"UnblockSite_20240718080500_www.tiktok.com","Triggers":{"DaysOfWeek":"Wednesday","EndBoundary":null,"StartBoundary":"2024-07-18T09:00:00+02:00"},"Actions":"powershell.exe","SiteName":"www.tiktok.com","State":3},{"TaskName":"UnblockSite_20240718080524_www.tiktok.com","Triggers":{"DaysOfWeek":"Wednesday","EndBoundary":null,"StartBoundary":"2024-07-18T00:00:00+02:00"},"Actions":"powershell.exe","SiteName":"www.tiktok.com","State":3}]
Script ended at 07/18/2024 09:38:05
Script started at 07/18/2024 09:38:05
Tasks found: 4
JSON Output: [{"TaskName":"BlockSite_20240718080500_www.tiktok.com","Triggers":{"DaysOfWeek":"Wednesday","EndBoundary":null,"StartBoundary":"2024-07-18T07:00:00+02:00"},"Actions":"powershell.exe","SiteName":"www.tiktok.com","State":3},{"TaskName":"BlockSite_20240718080524_www.tiktok.com","Triggers":{"DaysOfWeek":"Wednesday","EndBoundary":null,"StartBoundary":"2024-07-18T10:00:00+02:00"},"Actions":"powershell.exe","SiteName":"www.tiktok.com","State":3},{"TaskName":"UnblockSite_20240718080500_www.tiktok.com","Triggers":{"DaysOfWeek":"Wednesday","EndBoundary":null,"StartBoundary":"2024-07-18T09:00:00+02:00"},"Actions":"powershell.exe","SiteName":"www.tiktok.com","State":3},{"TaskName":"UnblockSite_20240718080524_www.tiktok.com","Triggers":{"DaysOfWeek":"Wednesday","EndBoundary":null,"StartBoundary":"2024-07-18T00:00:00+02:00"},"Actions":"powershell.exe","SiteName":"www.tiktok.com","State":3}]
Script ended at 07/18/2024 09:38:06
Script started at 07/18/2024 09:42:31
Script started at 07/18/2024 09:42:32
Tasks found: 4
JSON Output: [{"TaskName":"BlockSite_20240718080500_www.tiktok.com","Triggers":{"DaysOfWeek":"Wednesday","EndBoundary":null,"StartBoundary":"2024-07-18T07:00:00+02:00"},"Actions":"powershell.exe","SiteName":"www.tiktok.com","State":3},{"TaskName":"BlockSite_20240718080524_www.tiktok.com","Triggers":{"DaysOfWeek":"Wednesday","EndBoundary":null,"StartBoundary":"2024-07-18T10:00:00+02:00"},"Actions":"powershell.exe","SiteName":"www.tiktok.com","State":3},{"TaskName":"UnblockSite_20240718080500_www.tiktok.com","Triggers":{"DaysOfWeek":"Wednesday","EndBoundary":null,"StartBoundary":"2024-07-18T09:00:00+02:00"},"Actions":"powershell.exe","SiteName":"www.tiktok.com","State":3},{"TaskName":"UnblockSite_20240718080524_www.tiktok.com","Triggers":{"DaysOfWeek":"Wednesday","EndBoundary":null,"StartBoundary":"2024-07-18T00:00:00+02:00"},"Actions":"powershell.exe","SiteName":"www.tiktok.com","State":3}]
Script ended at 07/18/2024 09:42:32
Tasks found: 4
JSON Output: [{"TaskName":"BlockSite_20240718080500_www.tiktok.com","Triggers":{"DaysOfWeek":"Wednesday","EndBoundary":null,"StartBoundary":"2024-07-18T07:00:00+02:00"},"Actions":"powershell.exe","SiteName":"www.tiktok.com","State":3},{"TaskName":"BlockSite_20240718080524_www.tiktok.com","Triggers":{"DaysOfWeek":"Wednesday","EndBoundary":null,"StartBoundary":"2024-07-18T10:00:00+02:00"},"Actions":"powershell.exe","SiteName":"www.tiktok.com","State":3},{"TaskName":"UnblockSite_20240718080500_www.tiktok.com","Triggers":{"DaysOfWeek":"Wednesday","EndBoundary":null,"StartBoundary":"2024-07-18T09:00:00+02:00"},"Actions":"powershell.exe","SiteName":"www.tiktok.com","State":3},{"TaskName":"UnblockSite_20240718080524_www.tiktok.com","Triggers":{"DaysOfWeek":"Wednesday","EndBoundary":null,"StartBoundary":"2024-07-18T00:00:00+02:00"},"Actions":"powershell.exe","SiteName":"www.tiktok.com","State":3}]
Script ended at 07/18/2024 09:42:33
Script started at 07/18/2024 09:44:46
Script started at 07/18/2024 09:44:47
Tasks found: 4
JSON Output: [{"TaskName":"BlockSite_20240718080500_www.tiktok.com","Triggers":{"DaysOfWeek":"Wednesday","EndBoundary":null,"StartBoundary":"2024-07-18T07:00:00+02:00"},"Actions":"powershell.exe","SiteName":"www.tiktok.com","State":3},{"TaskName":"BlockSite_20240718080524_www.tiktok.com","Triggers":{"DaysOfWeek":"Wednesday","EndBoundary":null,"StartBoundary":"2024-07-18T10:00:00+02:00"},"Actions":"powershell.exe","SiteName":"www.tiktok.com","State":3},{"TaskName":"UnblockSite_20240718080500_www.tiktok.com","Triggers":{"DaysOfWeek":"Wednesday","EndBoundary":null,"StartBoundary":"2024-07-18T09:00:00+02:00"},"Actions":"powershell.exe","SiteName":"www.tiktok.com","State":3},{"TaskName":"UnblockSite_20240718080524_www.tiktok.com","Triggers":{"DaysOfWeek":"Wednesday","EndBoundary":null,"StartBoundary":"2024-07-18T00:00:00+02:00"},"Actions":"powershell.exe","SiteName":"www.tiktok.com","State":3}]
Script ended at 07/18/2024 09:44:48
Tasks found: 4
JSON Output: [{"TaskName":"BlockSite_20240718080500_www.tiktok.com","Triggers":{"DaysOfWeek":"Wednesday","EndBoundary":null,"StartBoundary":"2024-07-18T07:00:00+02:00"},"Actions":"powershell.exe","SiteName":"www.tiktok.com","State":3},{"TaskName":"BlockSite_20240718080524_www.tiktok.com","Triggers":{"DaysOfWeek":"Wednesday","EndBoundary":null,"StartBoundary":"2024-07-18T10:00:00+02:00"},"Actions":"powershell.exe","SiteName":"www.tiktok.com","State":3},{"TaskName":"UnblockSite_20240718080500_www.tiktok.com","Triggers":{"DaysOfWeek":"Wednesday","EndBoundary":null,"StartBoundary":"2024-07-18T09:00:00+02:00"},"Actions":"powershell.exe","SiteName":"www.tiktok.com","State":3},{"TaskName":"UnblockSite_20240718080524_www.tiktok.com","Triggers":{"DaysOfWeek":"Wednesday","EndBoundary":null,"StartBoundary":"2024-07-18T00:00:00+02:00"},"Actions":"powershell.exe","SiteName":"www.tiktok.com","State":3}]
Script ended at 07/18/2024 09:44:48
Script started at 07/18/2024 09:47:02
Script started at 07/18/2024 09:47:03
Tasks found: 4
JSON Output: [{"TaskName":"BlockSite_20240718080500_www.tiktok.com","Triggers":{"DaysOfWeek":"Wednesday","EndBoundary":null,"StartBoundary":"2024-07-18T07:00:00+02:00"},"Actions":"powershell.exe","SiteName":"www.tiktok.com","State":3},{"TaskName":"BlockSite_20240718080524_www.tiktok.com","Triggers":{"DaysOfWeek":"Wednesday","EndBoundary":null,"StartBoundary":"2024-07-18T10:00:00+02:00"},"Actions":"powershell.exe","SiteName":"www.tiktok.com","State":3},{"TaskName":"UnblockSite_20240718080500_www.tiktok.com","Triggers":{"DaysOfWeek":"Wednesday","EndBoundary":null,"StartBoundary":"2024-07-18T09:00:00+02:00"},"Actions":"powershell.exe","SiteName":"www.tiktok.com","State":3},{"TaskName":"UnblockSite_20240718080524_www.tiktok.com","Triggers":{"DaysOfWeek":"Wednesday","EndBoundary":null,"StartBoundary":"2024-07-18T00:00:00+02:00"},"Actions":"powershell.exe","SiteName":"www.tiktok.com","State":3}]
Script ended at 07/18/2024 09:47:03
Tasks found: 4
JSON Output: [{"TaskName":"BlockSite_20240718080500_www.tiktok.com","Triggers":{"DaysOfWeek":"Wednesday","EndBoundary":null,"StartBoundary":"2024-07-18T07:00:00+02:00"},"Actions":"powershell.exe","SiteName":"www.tiktok.com","State":3},{"TaskName":"BlockSite_20240718080524_www.tiktok.com","Triggers":{"DaysOfWeek":"Wednesday","EndBoundary":null,"StartBoundary":"2024-07-18T10:00:00+02:00"},"Actions":"powershell.exe","SiteName":"www.tiktok.com","State":3},{"TaskName":"UnblockSite_20240718080500_www.tiktok.com","Triggers":{"DaysOfWeek":"Wednesday","EndBoundary":null,"StartBoundary":"2024-07-18T09:00:00+02:00"},"Actions":"powershell.exe","SiteName":"www.tiktok.com","State":3},{"TaskName":"UnblockSite_20240718080524_www.tiktok.com","Triggers":{"DaysOfWeek":"Wednesday","EndBoundary":null,"StartBoundary":"2024-07-18T00:00:00+02:00"},"Actions":"powershell.exe","SiteName":"www.tiktok.com","State":3}]
Script ended at 07/18/2024 09:47:04
Script started at 07/18/2024 09:51:26
Script started at 07/18/2024 09:51:27
Tasks found: 4
JSON Output: [{"TaskName":"BlockSite_20240718080500_www.tiktok.com","Triggers":{"DaysOfWeek":"Wednesday","EndBoundary":null,"StartBoundary":"2024-07-18T07:00:00+02:00"},"Actions":"powershell.exe","SiteName":"www.tiktok.com","State":3},{"TaskName":"BlockSite_20240718080524_www.tiktok.com","Triggers":{"DaysOfWeek":"Wednesday","EndBoundary":null,"StartBoundary":"2024-07-18T10:00:00+02:00"},"Actions":"powershell.exe","SiteName":"www.tiktok.com","State":3},{"TaskName":"UnblockSite_20240718080500_www.tiktok.com","Triggers":{"DaysOfWeek":"Wednesday","EndBoundary":null,"StartBoundary":"2024-07-18T09:00:00+02:00"},"Actions":"powershell.exe","SiteName":"www.tiktok.com","State":3},{"TaskName":"UnblockSite_20240718080524_www.tiktok.com","Triggers":{"DaysOfWeek":"Wednesday","EndBoundary":null,"StartBoundary":"2024-07-18T00:00:00+02:00"},"Actions":"powershell.exe","SiteName":"www.tiktok.com","State":3}]
Script ended at 07/18/2024 09:51:28
Tasks found: 4
JSON Output: [{"TaskName":"BlockSite_20240718080500_www.tiktok.com","Triggers":{"DaysOfWeek":"Wednesday","EndBoundary":null,"StartBoundary":"2024-07-18T07:00:00+02:00"},"Actions":"powershell.exe","SiteName":"www.tiktok.com","State":3},{"TaskName":"BlockSite_20240718080524_www.tiktok.com","Triggers":{"DaysOfWeek":"Wednesday","EndBoundary":null,"StartBoundary":"2024-07-18T10:00:00+02:00"},"Actions":"powershell.exe","SiteName":"www.tiktok.com","State":3},{"TaskName":"UnblockSite_20240718080500_www.tiktok.com","Triggers":{"DaysOfWeek":"Wednesday","EndBoundary":null,"StartBoundary":"2024-07-18T09:00:00+02:00"},"Actions":"powershell.exe","SiteName":"www.tiktok.com","State":3},{"TaskName":"UnblockSite_20240718080524_www.tiktok.com","Triggers":{"DaysOfWeek":"Wednesday","EndBoundary":null,"StartBoundary":"2024-07-18T00:00:00+02:00"},"Actions":"powershell.exe","SiteName":"www.tiktok.com","State":3}]
Script ended at 07/18/2024 09:51:28
Script started at 07/18/2024 09:54:33
Script started at 07/18/2024 09:54:33
Tasks found: 4
JSON Output: [{"TaskName":"BlockSite_20240718080500_www.tiktok.com","Triggers":{"DaysOfWeek":"Wednesday","EndBoundary":null,"StartBoundary":"2024-07-18T07:00:00+02:00"},"Actions":"powershell.exe","SiteName":"www.tiktok.com","State":3},{"TaskName":"BlockSite_20240718080524_www.tiktok.com","Triggers":{"DaysOfWeek":"Wednesday","EndBoundary":null,"StartBoundary":"2024-07-18T10:00:00+02:00"},"Actions":"powershell.exe","SiteName":"www.tiktok.com","State":3},{"TaskName":"UnblockSite_20240718080500_www.tiktok.com","Triggers":{"DaysOfWeek":"Wednesday","EndBoundary":null,"StartBoundary":"2024-07-18T09:00:00+02:00"},"Actions":"powershell.exe","SiteName":"www.tiktok.com","State":3},{"TaskName":"UnblockSite_20240718080524_www.tiktok.com","Triggers":{"DaysOfWeek":"Wednesday","EndBoundary":null,"StartBoundary":"2024-07-18T00:00:00+02:00"},"Actions":"powershell.exe","SiteName":"www.tiktok.com","State":3}]
Script ended at 07/18/2024 09:54:34
Tasks found: 4
JSON Output: [{"TaskName":"BlockSite_20240718080500_www.tiktok.com","Triggers":{"DaysOfWeek":"Wednesday","EndBoundary":null,"StartBoundary":"2024-07-18T07:00:00+02:00"},"Actions":"powershell.exe","SiteName":"www.tiktok.com","State":3},{"TaskName":"BlockSite_20240718080524_www.tiktok.com","Triggers":{"DaysOfWeek":"Wednesday","EndBoundary":null,"StartBoundary":"2024-07-18T10:00:00+02:00"},"Actions":"powershell.exe","SiteName":"www.tiktok.com","State":3},{"TaskName":"UnblockSite_20240718080500_www.tiktok.com","Triggers":{"DaysOfWeek":"Wednesday","EndBoundary":null,"StartBoundary":"2024-07-18T09:00:00+02:00"},"Actions":"powershell.exe","SiteName":"www.tiktok.com","State":3},{"TaskName":"UnblockSite_20240718080524_www.tiktok.com","Triggers":{"DaysOfWeek":"Wednesday","EndBoundary":null,"StartBoundary":"2024-07-18T00:00:00+02:00"},"Actions":"powershell.exe","SiteName":"www.tiktok.com","State":3}]
Script ended at 07/18/2024 09:54:34
Script started at 07/18/2024 09:55:08
Script started at 07/18/2024 09:55:09
Tasks found: 4
JSON Output: [{"TaskName":"BlockSite_20240718080500_www.tiktok.com","Triggers":{"DaysOfWeek":"Wednesday","EndBoundary":null,"StartBoundary":"2024-07-18T07:00:00+02:00"},"Actions":"powershell.exe","SiteName":"www.tiktok.com","State":3},{"TaskName":"BlockSite_20240718080524_www.tiktok.com","Triggers":{"DaysOfWeek":"Wednesday","EndBoundary":null,"StartBoundary":"2024-07-18T10:00:00+02:00"},"Actions":"powershell.exe","SiteName":"www.tiktok.com","State":3},{"TaskName":"UnblockSite_20240718080500_www.tiktok.com","Triggers":{"DaysOfWeek":"Wednesday","EndBoundary":null,"StartBoundary":"2024-07-18T09:00:00+02:00"},"Actions":"powershell.exe","SiteName":"www.tiktok.com","State":3},{"TaskName":"UnblockSite_20240718080524_www.tiktok.com","Triggers":{"DaysOfWeek":"Wednesday","EndBoundary":null,"StartBoundary":"2024-07-18T00:00:00+02:00"},"Actions":"powershell.exe","SiteName":"www.tiktok.com","State":3}]
Script ended at 07/18/2024 09:55:09
Tasks found: 4
JSON Output: [{"TaskName":"BlockSite_20240718080500_www.tiktok.com","Triggers":{"DaysOfWeek":"Wednesday","EndBoundary":null,"StartBoundary":"2024-07-18T07:00:00+02:00"},"Actions":"powershell.exe","SiteName":"www.tiktok.com","State":3},{"TaskName":"BlockSite_20240718080524_www.tiktok.com","Triggers":{"DaysOfWeek":"Wednesday","EndBoundary":null,"StartBoundary":"2024-07-18T10:00:00+02:00"},"Actions":"powershell.exe","SiteName":"www.tiktok.com","State":3},{"TaskName":"UnblockSite_20240718080500_www.tiktok.com","Triggers":{"DaysOfWeek":"Wednesday","EndBoundary":null,"StartBoundary":"2024-07-18T09:00:00+02:00"},"Actions":"powershell.exe","SiteName":"www.tiktok.com","State":3},{"TaskName":"UnblockSite_20240718080524_www.tiktok.com","Triggers":{"DaysOfWeek":"Wednesday","EndBoundary":null,"StartBoundary":"2024-07-18T00:00:00+02:00"},"Actions":"powershell.exe","SiteName":"www.tiktok.com","State":3}]
Script ended at 07/18/2024 09:55:10
Script started at 07/18/2024 09:57:24
Script started at 07/18/2024 09:57:24
Tasks found: 4
JSON Output: [{"TaskName":"BlockSite_20240718080500_www.tiktok.com","Triggers":{"DaysOfWeek":"Wednesday","EndBoundary":null,"StartBoundary":"2024-07-18T07:00:00+02:00"},"Actions":"powershell.exe","SiteName":"www.tiktok.com","State":3},{"TaskName":"BlockSite_20240718080524_www.tiktok.com","Triggers":{"DaysOfWeek":"Wednesday","EndBoundary":null,"StartBoundary":"2024-07-18T10:00:00+02:00"},"Actions":"powershell.exe","SiteName":"www.tiktok.com","State":3},{"TaskName":"UnblockSite_20240718080500_www.tiktok.com","Triggers":{"DaysOfWeek":"Wednesday","EndBoundary":null,"StartBoundary":"2024-07-18T09:00:00+02:00"},"Actions":"powershell.exe","SiteName":"www.tiktok.com","State":3},{"TaskName":"UnblockSite_20240718080524_www.tiktok.com","Triggers":{"DaysOfWeek":"Wednesday","EndBoundary":null,"StartBoundary":"2024-07-18T00:00:00+02:00"},"Actions":"powershell.exe","SiteName":"www.tiktok.com","State":3}]
Script ended at 07/18/2024 09:57:25
Tasks found: 4
JSON Output: [{"TaskName":"BlockSite_20240718080500_www.tiktok.com","Triggers":{"DaysOfWeek":"Wednesday","EndBoundary":null,"StartBoundary":"2024-07-18T07:00:00+02:00"},"Actions":"powershell.exe","SiteName":"www.tiktok.com","State":3},{"TaskName":"BlockSite_20240718080524_www.tiktok.com","Triggers":{"DaysOfWeek":"Wednesday","EndBoundary":null,"StartBoundary":"2024-07-18T10:00:00+02:00"},"Actions":"powershell.exe","SiteName":"www.tiktok.com","State":3},{"TaskName":"UnblockSite_20240718080500_www.tiktok.com","Triggers":{"DaysOfWeek":"Wednesday","EndBoundary":null,"StartBoundary":"2024-07-18T09:00:00+02:00"},"Actions":"powershell.exe","SiteName":"www.tiktok.com","State":3},{"TaskName":"UnblockSite_20240718080524_www.tiktok.com","Triggers":{"DaysOfWeek":"Wednesday","EndBoundary":null,"StartBoundary":"2024-07-18T00:00:00+02:00"},"Actions":"powershell.exe","SiteName":"www.tiktok.com","State":3}]
Script ended at 07/18/2024 09:57:26
Script started at 07/19/2024 20:03:13
Script started at 07/19/2024 20:03:13
Tasks found: 4
Tasks found: 4
JSON Output: [{"TaskName":"BlockSite_20240718080500_www.tiktok.com","Triggers":{"DaysOfWeek":"Wednesday","EndBoundary":null,"StartBoundary":"2024-07-18T07:00:00+02:00"},"Actions":"powershell.exe","SiteName":"www.tiktok.com","State":3},{"TaskName":"BlockSite_20240718080524_www.tiktok.com","Triggers":{"DaysOfWeek":"Wednesday","EndBoundary":null,"StartBoundary":"2024-07-18T10:00:00+02:00"},"Actions":"powershell.exe","SiteName":"www.tiktok.com","State":3},{"TaskName":"UnblockSite_20240718080500_www.tiktok.com","Triggers":{"DaysOfWeek":"Wednesday","EndBoundary":null,"StartBoundary":"2024-07-18T09:00:00+02:00"},"Actions":"powershell.exe","SiteName":"www.tiktok.com","State":3},{"TaskName":"UnblockSite_20240718080524_www.tiktok.com","Triggers":{"DaysOfWeek":"Wednesday","EndBoundary":null,"StartBoundary":"2024-07-18T00:00:00+02:00"},"Actions":"powershell.exe","SiteName":"www.tiktok.com","State":3}]
JSON Output: [{"TaskName":"BlockSite_20240718080500_www.tiktok.com","Triggers":{"DaysOfWeek":"Wednesday","EndBoundary":null,"StartBoundary":"2024-07-18T07:00:00+02:00"},"Actions":"powershell.exe","SiteName":"www.tiktok.com","State":3},{"TaskName":"BlockSite_20240718080524_www.tiktok.com","Triggers":{"DaysOfWeek":"Wednesday","EndBoundary":null,"StartBoundary":"2024-07-18T10:00:00+02:00"},"Actions":"powershell.exe","SiteName":"www.tiktok.com","State":3},{"TaskName":"UnblockSite_20240718080500_www.tiktok.com","Triggers":{"DaysOfWeek":"Wednesday","EndBoundary":null,"StartBoundary":"2024-07-18T09:00:00+02:00"},"Actions":"powershell.exe","SiteName":"www.tiktok.com","State":3},{"TaskName":"UnblockSite_20240718080524_www.tiktok.com","Triggers":{"DaysOfWeek":"Wednesday","EndBoundary":null,"StartBoundary":"2024-07-18T00:00:00+02:00"},"Actions":"powershell.exe","SiteName":"www.tiktok.com","State":3}]
Script ended at 07/19/2024 20:03:16
Script ended at 07/19/2024 20:03:16
Script started at 07/19/2024 20:10:05
Tasks found: 4
JSON Output: [{"TaskName":"BlockSite_20240718080500_www.tiktok.com","Triggers":{"DaysOfWeek":"Wednesday","EndBoundary":null,"StartBoundary":"2024-07-18T07:00:00+02:00"},"Actions":"powershell.exe","SiteName":"www.tiktok.com","State":3},{"TaskName":"BlockSite_20240718080524_www.tiktok.com","Triggers":{"DaysOfWeek":"Wednesday","EndBoundary":null,"StartBoundary":"2024-07-18T10:00:00+02:00"},"Actions":"powershell.exe","SiteName":"www.tiktok.com","State":3},{"TaskName":"UnblockSite_20240718080500_www.tiktok.com","Triggers":{"DaysOfWeek":"Wednesday","EndBoundary":null,"StartBoundary":"2024-07-18T09:00:00+02:00"},"Actions":"powershell.exe","SiteName":"www.tiktok.com","State":3},{"TaskName":"UnblockSite_20240718080524_www.tiktok.com","Triggers":{"DaysOfWeek":"Wednesday","EndBoundary":null,"StartBoundary":"2024-07-18T00:00:00+02:00"},"Actions":"powershell.exe","SiteName":"www.tiktok.com","State":3}]
Script ended at 07/19/2024 20:10:06
Script started at 07/19/2024 20:10:08
Tasks found: 4
JSON Output: [{"TaskName":"BlockSite_20240718080500_www.tiktok.com","Triggers":{"DaysOfWeek":"Wednesday","EndBoundary":null,"StartBoundary":"2024-07-18T07:00:00+02:00"},"Actions":"powershell.exe","SiteName":"www.tiktok.com","State":3},{"TaskName":"BlockSite_20240718080524_www.tiktok.com","Triggers":{"DaysOfWeek":"Wednesday","EndBoundary":null,"StartBoundary":"2024-07-18T10:00:00+02:00"},"Actions":"powershell.exe","SiteName":"www.tiktok.com","State":3},{"TaskName":"UnblockSite_20240718080500_www.tiktok.com","Triggers":{"DaysOfWeek":"Wednesday","EndBoundary":null,"StartBoundary":"2024-07-18T09:00:00+02:00"},"Actions":"powershell.exe","SiteName":"www.tiktok.com","State":3},{"TaskName":"UnblockSite_20240718080524_www.tiktok.com","Triggers":{"DaysOfWeek":"Wednesday","EndBoundary":null,"StartBoundary":"2024-07-18T00:00:00+02:00"},"Actions":"powershell.exe","SiteName":"www.tiktok.com","State":3}]
Script ended at 07/19/2024 20:10:09
Script started at 07/19/2024 20:12:02
Script started at 07/19/2024 20:12:03
Tasks found: 4
JSON Output: [{"TaskName":"BlockSite_20240718080500_www.tiktok.com","Triggers":{"DaysOfWeek":"Wednesday","EndBoundary":null,"StartBoundary":"2024-07-18T07:00:00+02:00"},"Actions":"powershell.exe","SiteName":"www.tiktok.com","State":3},{"TaskName":"BlockSite_20240718080524_www.tiktok.com","Triggers":{"DaysOfWeek":"Wednesday","EndBoundary":null,"StartBoundary":"2024-07-18T10:00:00+02:00"},"Actions":"powershell.exe","SiteName":"www.tiktok.com","State":3},{"TaskName":"UnblockSite_20240718080500_www.tiktok.com","Triggers":{"DaysOfWeek":"Wednesday","EndBoundary":null,"StartBoundary":"2024-07-18T09:00:00+02:00"},"Actions":"powershell.exe","SiteName":"www.tiktok.com","State":3},{"TaskName":"UnblockSite_20240718080524_www.tiktok.com","Triggers":{"DaysOfWeek":"Wednesday","EndBoundary":null,"StartBoundary":"2024-07-18T00:00:00+02:00"},"Actions":"powershell.exe","SiteName":"www.tiktok.com","State":3}]
Script ended at 07/19/2024 20:12:04
Tasks found: 4
JSON Output: [{"TaskName":"BlockSite_20240718080500_www.tiktok.com","Triggers":{"DaysOfWeek":"Wednesday","EndBoundary":null,"StartBoundary":"2024-07-18T07:00:00+02:00"},"Actions":"powershell.exe","SiteName":"www.tiktok.com","State":3},{"TaskName":"BlockSite_20240718080524_www.tiktok.com","Triggers":{"DaysOfWeek":"Wednesday","EndBoundary":null,"StartBoundary":"2024-07-18T10:00:00+02:00"},"Actions":"powershell.exe","SiteName":"www.tiktok.com","State":3},{"TaskName":"UnblockSite_20240718080500_www.tiktok.com","Triggers":{"DaysOfWeek":"Wednesday","EndBoundary":null,"StartBoundary":"2024-07-18T09:00:00+02:00"},"Actions":"powershell.exe","SiteName":"www.tiktok.com","State":3},{"TaskName":"UnblockSite_20240718080524_www.tiktok.com","Triggers":{"DaysOfWeek":"Wednesday","EndBoundary":null,"StartBoundary":"2024-07-18T00:00:00+02:00"},"Actions":"powershell.exe","SiteName":"www.tiktok.com","State":3}]
Script ended at 07/19/2024 20:12:05
Script started at 07/19/2024 20:14:21
Script started at 07/19/2024 20:14:22
Tasks found: 4
JSON Output: [{"TaskName":"BlockSite_20240718080500_www.tiktok.com","Triggers":{"DaysOfWeek":"Wednesday","EndBoundary":null,"StartBoundary":"2024-07-18T07:00:00+02:00"},"Actions":"powershell.exe","SiteName":"www.tiktok.com","State":3},{"TaskName":"BlockSite_20240718080524_www.tiktok.com","Triggers":{"DaysOfWeek":"Wednesday","EndBoundary":null,"StartBoundary":"2024-07-18T10:00:00+02:00"},"Actions":"powershell.exe","SiteName":"www.tiktok.com","State":3},{"TaskName":"UnblockSite_20240718080500_www.tiktok.com","Triggers":{"DaysOfWeek":"Wednesday","EndBoundary":null,"StartBoundary":"2024-07-18T09:00:00+02:00"},"Actions":"powershell.exe","SiteName":"www.tiktok.com","State":3},{"TaskName":"UnblockSite_20240718080524_www.tiktok.com","Triggers":{"DaysOfWeek":"Wednesday","EndBoundary":null,"StartBoundary":"2024-07-18T00:00:00+02:00"},"Actions":"powershell.exe","SiteName":"www.tiktok.com","State":3}]
Script ended at 07/19/2024 20:14:22
Tasks found: 4
JSON Output: [{"TaskName":"BlockSite_20240718080500_www.tiktok.com","Triggers":{"DaysOfWeek":"Wednesday","EndBoundary":null,"StartBoundary":"2024-07-18T07:00:00+02:00"},"Actions":"powershell.exe","SiteName":"www.tiktok.com","State":3},{"TaskName":"BlockSite_20240718080524_www.tiktok.com","Triggers":{"DaysOfWeek":"Wednesday","EndBoundary":null,"StartBoundary":"2024-07-18T10:00:00+02:00"},"Actions":"powershell.exe","SiteName":"www.tiktok.com","State":3},{"TaskName":"UnblockSite_20240718080500_www.tiktok.com","Triggers":{"DaysOfWeek":"Wednesday","EndBoundary":null,"StartBoundary":"2024-07-18T09:00:00+02:00"},"Actions":"powershell.exe","SiteName":"www.tiktok.com","State":3},{"TaskName":"UnblockSite_20240718080524_www.tiktok.com","Triggers":{"DaysOfWeek":"Wednesday","EndBoundary":null,"StartBoundary":"2024-07-18T00:00:00+02:00"},"Actions":"powershell.exe","SiteName":"www.tiktok.com","State":3}]
Script ended at 07/19/2024 20:14:23
Script started at 07/19/2024 20:22:16
Script started at 07/19/2024 20:22:16
Tasks found: 4
JSON Output: [{"TaskName":"BlockSite_20240718080500_www.tiktok.com","Triggers":{"DaysOfWeek":"Wednesday","EndBoundary":null,"StartBoundary":"2024-07-18T07:00:00+02:00"},"Actions":"powershell.exe","SiteName":"www.tiktok.com","State":3},{"TaskName":"BlockSite_20240718080524_www.tiktok.com","Triggers":{"DaysOfWeek":"Wednesday","EndBoundary":null,"StartBoundary":"2024-07-18T10:00:00+02:00"},"Actions":"powershell.exe","SiteName":"www.tiktok.com","State":3},{"TaskName":"UnblockSite_20240718080500_www.tiktok.com","Triggers":{"DaysOfWeek":"Wednesday","EndBoundary":null,"StartBoundary":"2024-07-18T09:00:00+02:00"},"Actions":"powershell.exe","SiteName":"www.tiktok.com","State":3},{"TaskName":"UnblockSite_20240718080524_www.tiktok.com","Triggers":{"DaysOfWeek":"Wednesday","EndBoundary":null,"StartBoundary":"2024-07-18T00:00:00+02:00"},"Actions":"powershell.exe","SiteName":"www.tiktok.com","State":3}]
Script ended at 07/19/2024 20:22:17
Tasks found: 4
JSON Output: [{"TaskName":"BlockSite_20240718080500_www.tiktok.com","Triggers":{"DaysOfWeek":"Wednesday","EndBoundary":null,"StartBoundary":"2024-07-18T07:00:00+02:00"},"Actions":"powershell.exe","SiteName":"www.tiktok.com","State":3},{"TaskName":"BlockSite_20240718080524_www.tiktok.com","Triggers":{"DaysOfWeek":"Wednesday","EndBoundary":null,"StartBoundary":"2024-07-18T10:00:00+02:00"},"Actions":"powershell.exe","SiteName":"www.tiktok.com","State":3},{"TaskName":"UnblockSite_20240718080500_www.tiktok.com","Triggers":{"DaysOfWeek":"Wednesday","EndBoundary":null,"StartBoundary":"2024-07-18T09:00:00+02:00"},"Actions":"powershell.exe","SiteName":"www.tiktok.com","State":3},{"TaskName":"UnblockSite_20240718080524_www.tiktok.com","Triggers":{"DaysOfWeek":"Wednesday","EndBoundary":null,"StartBoundary":"2024-07-18T00:00:00+02:00"},"Actions":"powershell.exe","SiteName":"www.tiktok.com","State":3}]
Script ended at 07/19/2024 20:22:17
Script started at 07/19/2024 20:24:22
Script started at 07/19/2024 20:24:23
Tasks found: 4
JSON Output: [{"TaskName":"BlockSite_20240718080500_www.tiktok.com","Triggers":{"DaysOfWeek":"Wednesday","EndBoundary":null,"StartBoundary":"2024-07-18T07:00:00+02:00"},"Actions":"powershell.exe","SiteName":"www.tiktok.com","State":3},{"TaskName":"BlockSite_20240718080524_www.tiktok.com","Triggers":{"DaysOfWeek":"Wednesday","EndBoundary":null,"StartBoundary":"2024-07-18T10:00:00+02:00"},"Actions":"powershell.exe","SiteName":"www.tiktok.com","State":3},{"TaskName":"UnblockSite_20240718080500_www.tiktok.com","Triggers":{"DaysOfWeek":"Wednesday","EndBoundary":null,"StartBoundary":"2024-07-18T09:00:00+02:00"},"Actions":"powershell.exe","SiteName":"www.tiktok.com","State":3},{"TaskName":"UnblockSite_20240718080524_www.tiktok.com","Triggers":{"DaysOfWeek":"Wednesday","EndBoundary":null,"StartBoundary":"2024-07-18T00:00:00+02:00"},"Actions":"powershell.exe","SiteName":"www.tiktok.com","State":3}]
Script ended at 07/19/2024 20:24:24
Tasks found: 4
JSON Output: [{"TaskName":"BlockSite_20240718080500_www.tiktok.com","Triggers":{"DaysOfWeek":"Wednesday","EndBoundary":null,"StartBoundary":"2024-07-18T07:00:00+02:00"},"Actions":"powershell.exe","SiteName":"www.tiktok.com","State":3},{"TaskName":"BlockSite_20240718080524_www.tiktok.com","Triggers":{"DaysOfWeek":"Wednesday","EndBoundary":null,"StartBoundary":"2024-07-18T10:00:00+02:00"},"Actions":"powershell.exe","SiteName":"www.tiktok.com","State":3},{"TaskName":"UnblockSite_20240718080500_www.tiktok.com","Triggers":{"DaysOfWeek":"Wednesday","EndBoundary":null,"StartBoundary":"2024-07-18T09:00:00+02:00"},"Actions":"powershell.exe","SiteName":"www.tiktok.com","State":3},{"TaskName":"UnblockSite_20240718080524_www.tiktok.com","Triggers":{"DaysOfWeek":"Wednesday","EndBoundary":null,"StartBoundary":"2024-07-18T00:00:00+02:00"},"Actions":"powershell.exe","SiteName":"www.tiktok.com","State":3}]
Script ended at 07/19/2024 20:24:25
Script started at 07/19/2024 20:27:21
Script started at 07/19/2024 20:27:21
Tasks found: 2
JSON Output: [{"TaskName":"BlockSite_20240718080524_www.tiktok.com","Triggers":{"DaysOfWeek":"Wednesday","EndBoundary":null,"StartBoundary":"2024-07-18T10:00:00+02:00"},"Actions":"powershell.exe","SiteName":"www.tiktok.com","State":3},{"TaskName":"UnblockSite_20240718080524_www.tiktok.com","Triggers":{"DaysOfWeek":"Wednesday","EndBoundary":null,"StartBoundary":"2024-07-18T00:00:00+02:00"},"Actions":"powershell.exe","SiteName":"www.tiktok.com","State":3}]
Script ended at 07/19/2024 20:27:22
Tasks found: 2
JSON Output: [{"TaskName":"BlockSite_20240718080524_www.tiktok.com","Triggers":{"DaysOfWeek":"Wednesday","EndBoundary":null,"StartBoundary":"2024-07-18T10:00:00+02:00"},"Actions":"powershell.exe","SiteName":"www.tiktok.com","State":3},{"TaskName":"UnblockSite_20240718080524_www.tiktok.com","Triggers":{"DaysOfWeek":"Wednesday","EndBoundary":null,"StartBoundary":"2024-07-18T00:00:00+02:00"},"Actions":"powershell.exe","SiteName":"www.tiktok.com","State":3}]
Script ended at 07/19/2024 20:27:23
Script started at 07/19/2024 20:41:28
Script started at 07/19/2024 20:41:30
Tasks found: 2
JSON Output: [{"TaskName":"BlockSite_20240718080524_www.tiktok.com","Triggers":{"DaysOfWeek":"Wednesday","EndBoundary":null,"StartBoundary":"2024-07-18T10:00:00+02:00"},"Actions":"powershell.exe","SiteName":"www.tiktok.com","State":3},{"TaskName":"UnblockSite_20240718080524_www.tiktok.com","Triggers":{"DaysOfWeek":"Wednesday","EndBoundary":null,"StartBoundary":"2024-07-18T00:00:00+02:00"},"Actions":"powershell.exe","SiteName":"www.tiktok.com","State":3}]
Script ended at 07/19/2024 20:41:30
Tasks found: 2
JSON Output: [{"TaskName":"BlockSite_20240718080524_www.tiktok.com","Triggers":{"DaysOfWeek":"Wednesday","EndBoundary":null,"StartBoundary":"2024-07-18T10:00:00+02:00"},"Actions":"powershell.exe","SiteName":"www.tiktok.com","State":3},{"TaskName":"UnblockSite_20240718080524_www.tiktok.com","Triggers":{"DaysOfWeek":"Wednesday","EndBoundary":null,"StartBoundary":"2024-07-18T00:00:00+02:00"},"Actions":"powershell.exe","SiteName":"www.tiktok.com","State":3}]
Script ended at 07/19/2024 20:41:31
Script started at 07/19/2024 20:41:53
Tasks found: 2
JSON Output: [{"TaskName":"BlockSite_20240719204151_@(www.tiktok.com)","Triggers":{"DaysOfWeek":"Wednesday","EndBoundary":null,"StartBoundary":"2024-07-19T09:00:00+02:00"},"Actions":"powershell.exe","SiteName":"@(www.tiktok.com)","State":3},{"TaskName":"UnblockSite_20240719204151_@(www.tiktok.com)","Triggers":{"DaysOfWeek":"Wednesday","EndBoundary":null,"StartBoundary":"2024-07-19T00:00:00+02:00"},"Actions":"powershell.exe","SiteName":"@(www.tiktok.com)","State":3}]
Script ended at 07/19/2024 20:41:54
Script started at 07/19/2024 20:41:54
Tasks found: 2
JSON Output: [{"TaskName":"BlockSite_20240719204151_@(www.tiktok.com)","Triggers":{"DaysOfWeek":"Wednesday","EndBoundary":null,"StartBoundary":"2024-07-19T09:00:00+02:00"},"Actions":"powershell.exe","SiteName":"@(www.tiktok.com)","State":3},{"TaskName":"UnblockSite_20240719204151_@(www.tiktok.com)","Triggers":{"DaysOfWeek":"Wednesday","EndBoundary":null,"StartBoundary":"2024-07-19T00:00:00+02:00"},"Actions":"powershell.exe","SiteName":"@(www.tiktok.com)","State":3}]
Script ended at 07/19/2024 20:41:55
Script started at 07/19/2024 20:48:33
Script started at 07/19/2024 20:48:34
Tasks found: 2
JSON Output: [{"TaskName":"BlockSite_20240719204151_@(www.tiktok.com)","Triggers":{"DaysOfWeek":"Wednesday","EndBoundary":null,"StartBoundary":"2024-07-19T09:00:00+02:00"},"Actions":"powershell.exe","SiteName":"@(www.tiktok.com)","State":3},{"TaskName":"UnblockSite_20240719204151_@(www.tiktok.com)","Triggers":{"DaysOfWeek":"Wednesday","EndBoundary":null,"StartBoundary":"2024-07-19T00:00:00+02:00"},"Actions":"powershell.exe","SiteName":"@(www.tiktok.com)","State":3}]
Script ended at 07/19/2024 20:48:34
Tasks found: 2
JSON Output: [{"TaskName":"BlockSite_20240719204151_@(www.tiktok.com)","Triggers":{"DaysOfWeek":"Wednesday","EndBoundary":null,"StartBoundary":"2024-07-19T09:00:00+02:00"},"Actions":"powershell.exe","SiteName":"@(www.tiktok.com)","State":3},{"TaskName":"UnblockSite_20240719204151_@(www.tiktok.com)","Triggers":{"DaysOfWeek":"Wednesday","EndBoundary":null,"StartBoundary":"2024-07-19T00:00:00+02:00"},"Actions":"powershell.exe","SiteName":"@(www.tiktok.com)","State":3}]
Script ended at 07/19/2024 20:48:35
Script started at 07/19/2024 20:53:18
Script started at 07/19/2024 20:53:18
Tasks found: 2
JSON Output: [{"TaskName":"BlockSite_20240719204151_@(www.tiktok.com)","Triggers":{"DaysOfWeek":"Wednesday","EndBoundary":null,"StartBoundary":"2024-07-19T09:00:00+02:00"},"Actions":"powershell.exe","SiteName":"@(www.tiktok.com)","State":3},{"TaskName":"UnblockSite_20240719204151_@(www.tiktok.com)","Triggers":{"DaysOfWeek":"Wednesday","EndBoundary":null,"StartBoundary":"2024-07-19T00:00:00+02:00"},"Actions":"powershell.exe","SiteName":"@(www.tiktok.com)","State":3}]
Script ended at 07/19/2024 20:53:19
Tasks found: 2
JSON Output: [{"TaskName":"BlockSite_20240719204151_@(www.tiktok.com)","Triggers":{"DaysOfWeek":"Wednesday","EndBoundary":null,"StartBoundary":"2024-07-19T09:00:00+02:00"},"Actions":"powershell.exe","SiteName":"@(www.tiktok.com)","State":3},{"TaskName":"UnblockSite_20240719204151_@(www.tiktok.com)","Triggers":{"DaysOfWeek":"Wednesday","EndBoundary":null,"StartBoundary":"2024-07-19T00:00:00+02:00"},"Actions":"powershell.exe","SiteName":"@(www.tiktok.com)","State":3}]
Script ended at 07/19/2024 20:53:19
Script started at 07/19/2024 20:54:10
Script started at 07/19/2024 20:54:11
Tasks found: 2
JSON Output: [{"TaskName":"BlockSite_20240719204151_@(www.tiktok.com)","Triggers":{"DaysOfWeek":"Wednesday","EndBoundary":null,"StartBoundary":"2024-07-19T09:00:00+02:00"},"Actions":"powershell.exe","SiteName":"@(www.tiktok.com)","State":3},{"TaskName":"UnblockSite_20240719204151_@(www.tiktok.com)","Triggers":{"DaysOfWeek":"Wednesday","EndBoundary":null,"StartBoundary":"2024-07-19T00:00:00+02:00"},"Actions":"powershell.exe","SiteName":"@(www.tiktok.com)","State":3}]
Script ended at 07/19/2024 20:54:11
Tasks found: 2
JSON Output: [{"TaskName":"BlockSite_20240719204151_@(www.tiktok.com)","Triggers":{"DaysOfWeek":"Wednesday","EndBoundary":null,"StartBoundary":"2024-07-19T09:00:00+02:00"},"Actions":"powershell.exe","SiteName":"@(www.tiktok.com)","State":3},{"TaskName":"UnblockSite_20240719204151_@(www.tiktok.com)","Triggers":{"DaysOfWeek":"Wednesday","EndBoundary":null,"StartBoundary":"2024-07-19T00:00:00+02:00"},"Actions":"powershell.exe","SiteName":"@(www.tiktok.com)","State":3}]
Script ended at 07/19/2024 20:54:12
Script started at 07/19/2024 20:54:28
Tasks found: 2
JSON Output: [{"TaskName":"BlockSite_20240719205425_@(@(www.tiktok.com))","Triggers":{"DaysOfWeek":"Friday, Wednesday, Thursday","EndBoundary":null,"StartBoundary":"2024-07-19T09:00:00+02:00"},"Actions":"powershell.exe","SiteName":"@(@(www.tiktok.com))","State":3},{"TaskName":"UnblockSite_20240719205425_@(@(www.tiktok.com))","Triggers":{"DaysOfWeek":"Friday, Wednesday, Thursday","EndBoundary":null,"StartBoundary":"2024-07-19T00:00:00+02:00"},"Actions":"powershell.exe","SiteName":"@(@(www.tiktok.com))","State":3}]
Script ended at 07/19/2024 20:54:28
Script started at 07/19/2024 20:54:30
Tasks found: 2
JSON Output: [{"TaskName":"BlockSite_20240719205425_@(@(www.tiktok.com))","Triggers":{"DaysOfWeek":"Friday, Wednesday, Thursday","EndBoundary":null,"StartBoundary":"2024-07-19T09:00:00+02:00"},"Actions":"powershell.exe","SiteName":"@(@(www.tiktok.com))","State":3},{"TaskName":"UnblockSite_20240719205425_@(@(www.tiktok.com))","Triggers":{"DaysOfWeek":"Friday, Wednesday, Thursday","EndBoundary":null,"StartBoundary":"2024-07-19T00:00:00+02:00"},"Actions":"powershell.exe","SiteName":"@(@(www.tiktok.com))","State":3}]
Script ended at 07/19/2024 20:54:31
Script started at 07/19/2024 20:54:33
Script started at 07/19/2024 20:54:34
Tasks found: 2
JSON Output: [{"TaskName":"BlockSite_20240719205425_@(@(www.tiktok.com))","Triggers":{"DaysOfWeek":"Friday, Wednesday, Thursday","EndBoundary":null,"StartBoundary":"2024-07-19T09:00:00+02:00"},"Actions":"powershell.exe","SiteName":"@(@(www.tiktok.com))","State":3},{"TaskName":"UnblockSite_20240719205425_@(@(www.tiktok.com))","Triggers":{"DaysOfWeek":"Friday, Wednesday, Thursday","EndBoundary":null,"StartBoundary":"2024-07-19T00:00:00+02:00"},"Actions":"powershell.exe","SiteName":"@(@(www.tiktok.com))","State":3}]
Script ended at 07/19/2024 20:54:34
Tasks found: 2
JSON Output: [{"TaskName":"BlockSite_20240719205425_@(@(www.tiktok.com))","Triggers":{"DaysOfWeek":"Friday, Wednesday, Thursday","EndBoundary":null,"StartBoundary":"2024-07-19T09:00:00+02:00"},"Actions":"powershell.exe","SiteName":"@(@(www.tiktok.com))","State":3},{"TaskName":"UnblockSite_20240719205425_@(@(www.tiktok.com))","Triggers":{"DaysOfWeek":"Friday, Wednesday, Thursday","EndBoundary":null,"StartBoundary":"2024-07-19T00:00:00+02:00"},"Actions":"powershell.exe","SiteName":"@(@(www.tiktok.com))","State":3}]
Script ended at 07/19/2024 20:54:35
Script started at 07/19/2024 21:02:36
Script started at 07/19/2024 21:02:37
Tasks found: 2
JSON Output: [{"TaskName":"BlockSite_20240719205425_@(@(www.tiktok.com))","Triggers":{"DaysOfWeek":"Friday, Wednesday, Thursday","EndBoundary":null,"StartBoundary":"2024-07-19T09:00:00+02:00"},"Actions":"powershell.exe","SiteName":"@(@(www.tiktok.com))","State":3},{"TaskName":"UnblockSite_20240719205425_@(@(www.tiktok.com))","Triggers":{"DaysOfWeek":"Friday, Wednesday, Thursday","EndBoundary":null,"StartBoundary":"2024-07-19T00:00:00+02:00"},"Actions":"powershell.exe","SiteName":"@(@(www.tiktok.com))","State":3}]
Script ended at 07/19/2024 21:02:38
Tasks found: 2
JSON Output: [{"TaskName":"BlockSite_20240719205425_@(@(www.tiktok.com))","Triggers":{"DaysOfWeek":"Friday, Wednesday, Thursday","EndBoundary":null,"StartBoundary":"2024-07-19T09:00:00+02:00"},"Actions":"powershell.exe","SiteName":"@(@(www.tiktok.com))","State":3},{"TaskName":"UnblockSite_20240719205425_@(@(www.tiktok.com))","Triggers":{"DaysOfWeek":"Friday, Wednesday, Thursday","EndBoundary":null,"StartBoundary":"2024-07-19T00:00:00+02:00"},"Actions":"powershell.exe","SiteName":"@(@(www.tiktok.com))","State":3}]
Script ended at 07/19/2024 21:02:38
Script started at 07/21/2024 20:16:43
Script started at 07/21/2024 20:16:44
Tasks found: 2
JSON Output: [{"TaskName":"BlockSite_20240721200021_www.facebook.com","Triggers":{"DaysOfWeek":"Thursday","EndBoundary":null,"StartBoundary":"2024-07-21T01:59:00+02:00"},"Actions":"powershell.exe","SiteName":"www.facebook.com","State":3},{"TaskName":"UnblockSite_20240721200021_www.facebook.com","Triggers":{"DaysOfWeek":"Thursday","EndBoundary":null,"StartBoundary":"2024-07-21T00:00:00+02:00"},"Actions":"powershell.exe","SiteName":"www.facebook.com","State":3}]
Script ended at 07/21/2024 20:16:45
Tasks found: 2
JSON Output: [{"TaskName":"BlockSite_20240721200021_www.facebook.com","Triggers":{"DaysOfWeek":"Thursday","EndBoundary":null,"StartBoundary":"2024-07-21T01:59:00+02:00"},"Actions":"powershell.exe","SiteName":"www.facebook.com","State":3},{"TaskName":"UnblockSite_20240721200021_www.facebook.com","Triggers":{"DaysOfWeek":"Thursday","EndBoundary":null,"StartBoundary":"2024-07-21T00:00:00+02:00"},"Actions":"powershell.exe","SiteName":"www.facebook.com","State":3}]
Script ended at 07/21/2024 20:16:45
Script started at 07/28/2024 17:14:30
Script started at 07/28/2024 17:14:31
Tasks found: 0
JSON Output: 
Script ended at 07/28/2024 17:14:31
Tasks found: 0
JSON Output: 
Script ended at 07/28/2024 17:14:32
Script started at 07/28/2024 17:16:09
Script started at 07/28/2024 17:16:09
Tasks found: 0
JSON Output: 
Script ended at 07/28/2024 17:16:10
Tasks found: 0
JSON Output: 
Script ended at 07/28/2024 17:16:10
Script started at 07/28/2024 17:17:12
Script started at 07/28/2024 17:17:13
Tasks found: 0
JSON Output: "rien"
Script ended at 07/28/2024 17:17:13
Tasks found: 0
JSON Output: "rien"
Script ended at 07/28/2024 17:17:14
Script started at 07/28/2024 17:17:38
Tasks found: 0
JSON Output: ["rien","pas"]
Script ended at 07/28/2024 17:17:39
Script started at 07/28/2024 17:17:39
Tasks found: 0
JSON Output: ["rien","pas"]
Script ended at 07/28/2024 17:17:40
Script started at 07/28/2024 17:19:06
Tasks found: 2
JSON Output: [{"TaskName":"BlockSite_20240728171842_www.tiktok.com","Triggers":{"DaysOfWeek":"Tuesday","EndBoundary":null,"StartBoundary":"2024-07-28T04:00:00+02:00"},"Actions":"powershell.exe","SiteName":"www.tiktok.com","State":3},{"TaskName":"UnblockSite_20240728171842_www.tiktok.com","Triggers":{"DaysOfWeek":"Tuesday","EndBoundary":null,"StartBoundary":"2024-07-28T09:00:00+02:00"},"Actions":"powershell.exe","SiteName":"www.tiktok.com","State":3}]
Script ended at 07/28/2024 17:19:07
Script started at 07/28/2024 17:19:07
Tasks found: 2
JSON Output: [{"TaskName":"BlockSite_20240728171842_www.tiktok.com","Triggers":{"DaysOfWeek":"Tuesday","EndBoundary":null,"StartBoundary":"2024-07-28T04:00:00+02:00"},"Actions":"powershell.exe","SiteName":"www.tiktok.com","State":3},{"TaskName":"UnblockSite_20240728171842_www.tiktok.com","Triggers":{"DaysOfWeek":"Tuesday","EndBoundary":null,"StartBoundary":"2024-07-28T09:00:00+02:00"},"Actions":"powershell.exe","SiteName":"www.tiktok.com","State":3}]
Script ended at 07/28/2024 17:19:08
Script started at 07/28/2024 17:23:30
Script started at 07/28/2024 17:23:30
Tasks found: 0
JSON Output: ["rien","pas"]
Script ended at 07/28/2024 17:23:31
Tasks found: 0
JSON Output: ["rien","pas"]
Script ended at 07/28/2024 17:23:31
Script started at 07/28/2024 17:24:57
Script started at 07/28/2024 17:24:58
Tasks found: 0
JSON Output: 
Script ended at 07/28/2024 17:24:58
Tasks found: 0
JSON Output: 
Script ended at 07/28/2024 17:24:58
Script started at 07/28/2024 17:25:40
Script started at 07/28/2024 17:25:40
Tasks found: 0
JSON Output: "rien"
Script ended at 07/28/2024 17:25:41
Tasks found: 0
JSON Output: "rien"
Script ended at 07/28/2024 17:25:41
Script started at 07/28/2024 17:26:23
Tasks found: 0
JSON Output: "rien"
Script ended at 07/28/2024 17:26:25
Script started at 07/28/2024 17:26:26
Tasks found: 0
Script ended at 07/28/2024 17:26:28
Script started at 07/28/2024 17:28:17
Script started at 07/28/2024 17:28:18
Tasks found: 0
JSON Output: "rien"
Script ended at 07/28/2024 17:28:18
Tasks found: 0
JSON Output: "rien"
Script ended at 07/28/2024 17:28:18
Script started at 07/28/2024 17:30:44
Script started at 07/28/2024 17:30:44
Tasks found: 0
JSON Output: 
Script ended at 07/28/2024 17:30:45
Tasks found: 0
JSON Output: 
Script ended at 07/28/2024 17:30:45
Script started at 07/28/2024 17:45:45
Script started at 07/28/2024 17:45:46
Tasks found: 0
JSON Output: 
Script ended at 07/28/2024 17:45:46
Tasks found: 0
JSON Output: 
Script ended at 07/28/2024 17:45:47
Script started at 07/28/2024 17:48:48
Script started at 07/28/2024 17:48:48
Tasks found: 0
JSON Output: 
Script ended at 07/28/2024 17:48:49
Tasks found: 0
JSON Output: 
Script ended at 07/28/2024 17:48:49
Script started at 07/28/2024 18:55:17
Script started at 07/28/2024 18:55:18
Tasks found: 2
JSON Output: [{"TaskName":"BlockSite_20240728185238_www.tiktok.com","Triggers":{"DaysOfWeek":"Wednesday, Thursday","EndBoundary":null,"StartBoundary":"2024-07-28T09:00:00+02:00"},"Actions":"powershell.exe","SiteName":"www.tiktok.com","State":3},{"TaskName":"UnblockSite_20240728185238_www.tiktok.com","Triggers":{"DaysOfWeek":"Wednesday, Thursday","EndBoundary":null,"StartBoundary":"2024-07-28T22:00:00+02:00"},"Actions":"powershell.exe","SiteName":"www.tiktok.com","State":3}]
Script ended at 07/28/2024 18:55:19
Tasks found: 2
JSON Output: [{"TaskName":"BlockSite_20240728185238_www.tiktok.com","Triggers":{"DaysOfWeek":"Wednesday, Thursday","EndBoundary":null,"StartBoundary":"2024-07-28T09:00:00+02:00"},"Actions":"powershell.exe","SiteName":"www.tiktok.com","State":3},{"TaskName":"UnblockSite_20240728185238_www.tiktok.com","Triggers":{"DaysOfWeek":"Wednesday, Thursday","EndBoundary":null,"StartBoundary":"2024-07-28T22:00:00+02:00"},"Actions":"powershell.exe","SiteName":"www.tiktok.com","State":3}]
Script ended at 07/28/2024 18:55:19
Script started at 07/28/2024 19:05:36
Script started at 07/28/2024 19:05:37
Tasks found: 2
JSON Output: [{"TaskName":"BlockSite_20240728185238_www.tiktok.com","Triggers":{"DaysOfWeek":"Wednesday, Thursday","EndBoundary":null,"StartBoundary":"2024-07-28T09:00:00+02:00"},"Actions":"powershell.exe","SiteName":"www.tiktok.com","State":3},{"TaskName":"UnblockSite_20240728185238_www.tiktok.com","Triggers":{"DaysOfWeek":"Wednesday, Thursday","EndBoundary":null,"StartBoundary":"2024-07-28T22:00:00+02:00"},"Actions":"powershell.exe","SiteName":"www.tiktok.com","State":3}]
Script ended at 07/28/2024 19:05:38
Tasks found: 2
JSON Output: [{"TaskName":"BlockSite_20240728185238_www.tiktok.com","Triggers":{"DaysOfWeek":"Wednesday, Thursday","EndBoundary":null,"StartBoundary":"2024-07-28T09:00:00+02:00"},"Actions":"powershell.exe","SiteName":"www.tiktok.com","State":3},{"TaskName":"UnblockSite_20240728185238_www.tiktok.com","Triggers":{"DaysOfWeek":"Wednesday, Thursday","EndBoundary":null,"StartBoundary":"2024-07-28T22:00:00+02:00"},"Actions":"powershell.exe","SiteName":"www.tiktok.com","State":3}]
Script ended at 07/28/2024 19:05:38
Script started at 07/28/2024 19:08:39
Script started at 07/28/2024 19:08:40
Tasks found: 2
JSON Output: [{"TaskName":"BlockSite_20240728185238_www.tiktok.com","Triggers":{"DaysOfWeek":"Wednesday, Thursday","EndBoundary":null,"StartBoundary":"2024-07-28T09:00:00+02:00"},"Actions":"powershell.exe","SiteName":"www.tiktok.com","State":3},{"TaskName":"UnblockSite_20240728185238_www.tiktok.com","Triggers":{"DaysOfWeek":"Wednesday, Thursday","EndBoundary":null,"StartBoundary":"2024-07-28T22:00:00+02:00"},"Actions":"powershell.exe","SiteName":"www.tiktok.com","State":3}]
Script ended at 07/28/2024 19:08:41
Tasks found: 2
JSON Output: [{"TaskName":"BlockSite_20240728185238_www.tiktok.com","Triggers":{"DaysOfWeek":"Wednesday, Thursday","EndBoundary":null,"StartBoundary":"2024-07-28T09:00:00+02:00"},"Actions":"powershell.exe","SiteName":"www.tiktok.com","State":3},{"TaskName":"UnblockSite_20240728185238_www.tiktok.com","Triggers":{"DaysOfWeek":"Wednesday, Thursday","EndBoundary":null,"StartBoundary":"2024-07-28T22:00:00+02:00"},"Actions":"powershell.exe","SiteName":"www.tiktok.com","State":3}]
Script ended at 07/28/2024 19:08:41
Script started at 07/28/2024 19:10:44
Script started at 07/28/2024 19:10:45
Tasks found: 2
JSON Output: [{"TaskName":"BlockSite_20240728185238_www.tiktok.com","Triggers":{"DaysOfWeek":"Wednesday, Thursday","EndBoundary":null,"StartBoundary":"2024-07-28T09:00:00+02:00"},"Actions":"powershell.exe","SiteName":"www.tiktok.com","State":3},{"TaskName":"UnblockSite_20240728185238_www.tiktok.com","Triggers":{"DaysOfWeek":"Wednesday, Thursday","EndBoundary":null,"StartBoundary":"2024-07-28T22:00:00+02:00"},"Actions":"powershell.exe","SiteName":"www.tiktok.com","State":3}]
Script ended at 07/28/2024 19:10:45
Tasks found: 2
JSON Output: [{"TaskName":"BlockSite_20240728185238_www.tiktok.com","Triggers":{"DaysOfWeek":"Wednesday, Thursday","EndBoundary":null,"StartBoundary":"2024-07-28T09:00:00+02:00"},"Actions":"powershell.exe","SiteName":"www.tiktok.com","State":3},{"TaskName":"UnblockSite_20240728185238_www.tiktok.com","Triggers":{"DaysOfWeek":"Wednesday, Thursday","EndBoundary":null,"StartBoundary":"2024-07-28T22:00:00+02:00"},"Actions":"powershell.exe","SiteName":"www.tiktok.com","State":3}]
Script ended at 07/28/2024 19:10:46
Script started at 07/28/2024 19:14:15
Script started at 07/28/2024 19:14:15
Tasks found: 2
JSON Output: [{"TaskName":"BlockSite_20240728185238_www.tiktok.com","Triggers":{"DaysOfWeek":"Wednesday, Thursday","EndBoundary":null,"StartBoundary":"2024-07-28T09:00:00+02:00"},"Actions":"powershell.exe","SiteName":"www.tiktok.com","State":3},{"TaskName":"UnblockSite_20240728185238_www.tiktok.com","Triggers":{"DaysOfWeek":"Wednesday, Thursday","EndBoundary":null,"StartBoundary":"2024-07-28T22:00:00+02:00"},"Actions":"powershell.exe","SiteName":"www.tiktok.com","State":3}]
Script ended at 07/28/2024 19:14:16
Tasks found: 2
JSON Output: [{"TaskName":"BlockSite_20240728185238_www.tiktok.com","Triggers":{"DaysOfWeek":"Wednesday, Thursday","EndBoundary":null,"StartBoundary":"2024-07-28T09:00:00+02:00"},"Actions":"powershell.exe","SiteName":"www.tiktok.com","State":3},{"TaskName":"UnblockSite_20240728185238_www.tiktok.com","Triggers":{"DaysOfWeek":"Wednesday, Thursday","EndBoundary":null,"StartBoundary":"2024-07-28T22:00:00+02:00"},"Actions":"powershell.exe","SiteName":"www.tiktok.com","State":3}]
Script ended at 07/28/2024 19:14:17
Script started at 07/28/2024 19:14:59
Script started at 07/28/2024 19:14:59
Tasks found: 2
JSON Output: [{"TaskName":"BlockSite_20240728185238_www.tiktok.com","Triggers":{"DaysOfWeek":"Wednesday, Thursday","EndBoundary":null,"StartBoundary":"2024-07-28T09:00:00+02:00"},"Actions":"powershell.exe","SiteName":"www.tiktok.com","State":3},{"TaskName":"UnblockSite_20240728185238_www.tiktok.com","Triggers":{"DaysOfWeek":"Wednesday, Thursday","EndBoundary":null,"StartBoundary":"2024-07-28T22:00:00+02:00"},"Actions":"powershell.exe","SiteName":"www.tiktok.com","State":3}]
Script ended at 07/28/2024 19:15:00
Tasks found: 2
JSON Output: [{"TaskName":"BlockSite_20240728185238_www.tiktok.com","Triggers":{"DaysOfWeek":"Wednesday, Thursday","EndBoundary":null,"StartBoundary":"2024-07-28T09:00:00+02:00"},"Actions":"powershell.exe","SiteName":"www.tiktok.com","State":3},{"TaskName":"UnblockSite_20240728185238_www.tiktok.com","Triggers":{"DaysOfWeek":"Wednesday, Thursday","EndBoundary":null,"StartBoundary":"2024-07-28T22:00:00+02:00"},"Actions":"powershell.exe","SiteName":"www.tiktok.com","State":3}]
Script ended at 07/28/2024 19:15:00
Script started at 07/28/2024 19:16:02
Script started at 07/28/2024 19:16:03
Tasks found: 2
JSON Output: [{"TaskName":"BlockSite_20240728185238_www.tiktok.com","Triggers":{"DaysOfWeek":"Wednesday, Thursday","EndBoundary":null,"StartBoundary":"2024-07-28T09:00:00+02:00"},"Actions":"powershell.exe","SiteName":"www.tiktok.com","State":3},{"TaskName":"UnblockSite_20240728185238_www.tiktok.com","Triggers":{"DaysOfWeek":"Wednesday, Thursday","EndBoundary":null,"StartBoundary":"2024-07-28T22:00:00+02:00"},"Actions":"powershell.exe","SiteName":"www.tiktok.com","State":3}]
Script ended at 07/28/2024 19:16:03
Tasks found: 2
JSON Output: [{"TaskName":"BlockSite_20240728185238_www.tiktok.com","Triggers":{"DaysOfWeek":"Wednesday, Thursday","EndBoundary":null,"StartBoundary":"2024-07-28T09:00:00+02:00"},"Actions":"powershell.exe","SiteName":"www.tiktok.com","State":3},{"TaskName":"UnblockSite_20240728185238_www.tiktok.com","Triggers":{"DaysOfWeek":"Wednesday, Thursday","EndBoundary":null,"StartBoundary":"2024-07-28T22:00:00+02:00"},"Actions":"powershell.exe","SiteName":"www.tiktok.com","State":3}]
Script ended at 07/28/2024 19:16:04
