Starting unblockApps script at 06/30/2024 11:15:00
Script directory: C:\Users\sow4w\Desktop\Swos\steellock
Apps to unblock: Steam
Attempting to unblock app: Steam at 06/30/2024 11:15:00
App unblocked: Steam at 06/30/2024 11:15:00
Starting unblockApps script at 06/30/2024 11:29:00
Script directory: C:\Users\sow4w\Desktop\Swos\steellock
Apps to unblock: steam.exe
Attempting to unblock app: steam.exe at 06/30/2024 11:29:00
App unblocked: steam.exe at 06/30/2024 11:29:00
Starting unblockApps script at 06/30/2024 11:36:01
Script directory: C:\Users\sow4w\Desktop\Swos\steellock
Apps to unblock: steam.exe
Attempting to unblock app: steam.exe at 06/30/2024 11:36:01
App unblocked: steam.exe at 06/30/2024 11:36:01
Starting unblockApps script at 06/30/2024 11:54:00
Script directory: C:\Users\sow4w\Desktop\Swos\steellock
Apps to unblock: steam.exe
Attempting to unblock app: steam.exe at 06/30/2024 11:54:00
App unblocked: steam.exe at 06/30/2024 11:54:00
Starting unblockApps script at 06/30/2024 12:20:01
Script directory: C:\Users\sow4w\Desktop\Swos\steellock
Apps to unblock: steam,tiktok
Unblocking app: steam,tiktok at 06/30/2024 12:20:01
